<?xml version="1.0" encoding="UTF-8"?>
<testsuite xmlns:xsi="http://www.w3.org/2001/XMLSchema-instance" xsi:noNamespaceSchemaLocation="https://maven.apache.org/surefire/maven-surefire-plugin/xsd/surefire-test-report-3.0.xsd" version="3.0" name="com.webapp.UserTest" time="0" tests="3" errors="0" skipped="0" failures="0">
  <properties>
[...]
</properties>
  <testcase name="testUserCreation" classname="com.webapp.UserTest" time="0"/>
  <testcase name="testDeleteUserByEmail" classname="com.webapp.UserTest" time="0"/>
  <testcase name="testUpdateUserDetails" classname="com.webapp.UserTest" time="0"/>
</testsuite>